2025-08-15 04:36:55,500 - INFO - ============================================================
2025-08-15 04:36:55,503 - INFO - REAL-TIME AQI PREDICTION SYSTEM
2025-08-15 04:36:55,503 - INFO - ============================================================
2025-08-15 04:36:55,503 - INFO - Current UTC date: 2025-08-14
2025-08-15 04:36:55,648 - INFO - Latest feature timestamp: 2025-08-10 00:00:00+00:00
2025-08-15 04:36:55,649 - INFO - Current timestamp: 2025-08-14 23:36:55.611393+00:00
2025-08-15 04:36:55,649 - INFO - Feature age: 119.62 hours
2025-08-15 04:47:11,930 - INFO - ============================================================
2025-08-15 04:47:11,930 - INFO - REAL-TIME AQI PREDICTION SYSTEM
2025-08-15 04:47:11,949 - INFO - ============================================================
2025-08-15 04:47:11,954 - INFO - Current UTC date: 2025-08-14
2025-08-15 04:47:12,025 - INFO - Latest feature timestamp: 2025-08-10 00:00:00+00:00
2025-08-15 04:47:12,025 - INFO - Current timestamp: 2025-08-14 23:47:12.025180+00:00
2025-08-15 04:47:12,025 - INFO - Feature age: 119.79 hours
2025-08-15 04:54:06,958 - INFO - ============================================================
2025-08-15 04:54:06,958 - INFO - REAL-TIME AQI PREDICTION SYSTEM
2025-08-15 04:54:06,958 - INFO - ============================================================
2025-08-15 04:54:06,965 - INFO - Current UTC date: 2025-08-14
2025-08-15 04:54:07,062 - INFO - Latest feature timestamp: 2025-08-10 00:00:00+00:00
2025-08-15 04:54:07,062 - INFO - Current timestamp: 2025-08-14 23:54:07.062818+00:00
2025-08-15 04:54:07,062 - INFO - Feature age: 119.90 hours
2025-08-15 04:57:26,393 - INFO - ============================================================
2025-08-15 04:57:26,393 - INFO - REAL-TIME AQI PREDICTION SYSTEM
2025-08-15 04:57:26,393 - INFO - ============================================================
2025-08-15 04:57:26,393 - INFO - Current UTC date: 2025-08-14
2025-08-15 04:57:26,476 - INFO - Latest feature timestamp: 2025-08-10 00:00:00+00:00
2025-08-15 04:57:26,476 - INFO - Current timestamp: 2025-08-14 23:57:26.476722+00:00
2025-08-15 04:57:26,476 - INFO - Feature age: 119.96 hours
2025-08-15 05:01:05,658 - INFO - ============================================================
2025-08-15 05:01:05,658 - INFO - REAL-TIME AQI PREDICTION SYSTEM
2025-08-15 05:01:05,658 - INFO - ============================================================
2025-08-15 05:01:05,674 - INFO - Current UTC date: 2025-08-15
2025-08-15 05:01:05,752 - INFO - Latest feature timestamp: 2025-08-10 00:00:00+00:00
2025-08-15 05:01:05,752 - INFO - Current timestamp: 2025-08-15 00:01:05.752412+00:00
2025-08-15 05:01:05,752 - INFO - Feature age: 120.02 hours
2025-08-15 05:08:16,189 - INFO - ============================================================
2025-08-15 05:08:16,189 - INFO - REAL-TIME AQI PREDICTION SYSTEM
2025-08-15 05:08:16,189 - INFO - ============================================================
2025-08-15 05:08:16,189 - INFO - Starting real-time AQI predictions...
2025-08-15 05:08:16,189 - INFO - Current UTC date: 2025-08-15
2025-08-15 05:08:16,269 - INFO - Latest feature timestamp: 2025-08-10 00:00:00+00:00
2025-08-15 05:08:16,269 - INFO - Current timestamp: 2025-08-15 00:08:16.269391+00:00
2025-08-15 05:08:16,269 - INFO - Feature age: 120.14 hours
2025-08-15 05:08:16,269 - WARNING - Features are 120.14 hours old (max: 6)
2025-08-15 05:08:16,269 - ERROR - Features are not fresh enough. Please update features first.
2025-08-15 05:08:16,269 - ERROR - Real-time predictions failed!
2025-08-15 05:15:50,261 - INFO - ============================================================
2025-08-15 05:15:50,261 - INFO - REAL-TIME AQI PREDICTION SYSTEM
2025-08-15 05:15:50,261 - INFO - ============================================================
2025-08-15 05:15:50,261 - INFO - Starting real-time AQI predictions...
2025-08-15 05:15:50,261 - INFO - Current UTC date: 2025-08-15
2025-08-15 05:15:50,332 - INFO - Latest feature date: 2025-08-10
2025-08-15 05:15:50,332 - INFO - Current date: 2025-08-15
2025-08-15 05:15:50,332 - WARNING - Features are outdated - last: 2025-08-10, current: 2025-08-15
2025-08-15 05:15:50,332 - ERROR - Features are not current. Please update features first.
2025-08-15 05:15:50,332 - ERROR - Real-time predictions failed!
2025-08-15 05:30:12,582 - INFO - ============================================================
2025-08-15 05:30:12,582 - INFO - REAL-TIME AQI PREDICTION SYSTEM
2025-08-15 05:30:12,582 - INFO - ============================================================
2025-08-15 05:30:12,582 - INFO - Starting real-time AQI predictions...
2025-08-15 05:30:12,582 - INFO - Current UTC date: 2025-08-15
2025-08-15 05:30:12,791 - INFO - Latest feature date: 2025-08-12
2025-08-15 05:30:12,791 - INFO - Current date: 2025-08-15
2025-08-15 05:30:12,791 - WARNING - Features are outdated - last: 2025-08-12, current: 2025-08-15
2025-08-15 05:30:12,791 - ERROR - Features are not current. Please update features first.
2025-08-15 05:30:12,791 - ERROR - Real-time predictions failed!
